<?xml version="1.0" encoding="UTF-8"?>
<testng-results skipped="0" failed="0" total="1" passed="1">
  <reporter-output>
  </reporter-output>
  <suite name="Default suite" duration-ms="37862" started-at="2020-01-10T10:10:57Z" finished-at="2020-01-10T10:11:35Z">
    <groups>
    </groups>
    <test name="Default test" duration-ms="37862" started-at="2020-01-10T10:10:57Z" finished-at="2020-01-10T10:11:35Z">
      <class name="com.shashi.phptravels.LoginTest">
        <test-method status="PASS" signature="setUp()[pri:0, instance:com.shashi.phptravels.LoginTest@33ce2c]" name="setUp" is-config="true" duration-ms="9" started-at="2020-01-10T15:40:57Z" finished-at="2020-01-10T15:40:57Z">
          <reporter-output>
          </reporter-output>
        </test-method> <!-- setUp -->
        <test-method status="PASS" signature="launchBrowser()[pri:0, instance:com.shashi.phptravels.LoginTest@33ce2c]" name="launchBrowser" is-config="true" duration-ms="9209" started-at="2020-01-10T15:40:57Z" finished-at="2020-01-10T15:41:06Z">
          <reporter-output>
          </reporter-output>
        </test-method> <!-- launchBrowser -->
        <test-method status="PASS" signature="loginTest()[pri:0, instance:com.shashi.phptravels.LoginTest@33ce2c]" name="loginTest" duration-ms="23152" started-at="2020-01-10T15:41:06Z" finished-at="2020-01-10T15:41:30Z">
          <reporter-output>
          </reporter-output>
        </test-method> <!-- loginTest -->
        <test-method status="PASS" signature="closeBrowser()[pri:0, instance:com.shashi.phptravels.LoginTest@33ce2c]" name="closeBrowser" is-config="true" duration-ms="5493" started-at="2020-01-10T15:41:30Z" finished-at="2020-01-10T15:41:35Z">
          <reporter-output>
          </reporter-output>
        </test-method> <!-- closeBrowser -->
      </class> <!-- com.shashi.phptravels.LoginTest -->
    </test> <!-- Default test -->
  </suite> <!-- Default suite -->
</testng-results>
